<?xml version="1.0" encoding="UTF-8"?>
<testsuite xmlns:xsi="http://www.w3.org/2001/XMLSchema-instance" xsi:noNamespaceSchemaLocation="https://maven.apache.org/surefire/maven-surefire-plugin/xsd/surefire-test-report-3.0.xsd" version="3.0" name="stepdefs.TestRunner" time="35.482" tests="4" errors="0" skipped="0" failures="0">
  <properties>
[...]
</properties>
  <testcase name="Login Success" classname="Login Feature" time="8.971">
    <system-out><![CDATA[
@sanity
Scenario: Login Success                             # src/test/java/features/Login.feature:7
  Given I have launched the simplilearn application # stepdefs.Login_Stepdefs.i_have_launched_the_simplilearn_application()
  When I click on the Login Link                    # stepdefs.Login_Stepdefs.i_click_on_the_Login_Link()
  And I enter the Username                          # stepdefs.Login_Stepdefs.i_enter_the_Username()
  And I enter the Password                          # stepdefs.Login_Stepdefs.i_enter_the_Password()
  And I click on the Login button                   # stepdefs.Login_Stepdefs.i_click_on_the_Login_button()
  Then I should be able to see the home page        # stepdefs.Login_Stepdefs.i_should_be_able_to_see_the_home_page()
]]></system-out>
    <system-err><![CDATA[Jun 14, 2025 7:50:41 PM io.cucumber.junit.Cucumber <init>
WARNING: By default Cucumber is running in --non-strict mode.
This default will change to --strict and --non-strict will be removed.
You can use --strict or @CucumberOptions(strict = true) to suppress this warning
Jun 14, 2025 7:50:43 PM org.openqa.selenium.devtools.CdpVersionFinder findNearestMatch
WARNING: Unable to find CDP implementation matching 137
Jun 14, 2025 7:50:43 PM org.openqa.selenium.chromium.ChromiumDriver lambda$new$5
WARNING: Unable to find version of CDP to use for 137.0.7151.104. You may need to include a dependency on a specific version of the CDP using something similar to `org.seleniumhq.selenium:selenium-devtools-v86:4.21.0` where the version ("v86") matches the version of the chromium-based browser you're using and the version number of the artifact is the same as Selenium's.
]]></system-err>
  </testcase>
  <testcase name="Login Failure Scenario using test data as parameter" classname="Login Feature" time="7.689">
    <system-out><![CDATA[
@sanity
Scenario: Login Failure Scenario using test data as parameter                                                # src/test/java/features/Login.feature:13
  Given I have launched the simplilearn application                                                          # stepdefs.Login_Stepdefs.i_have_launched_the_simplilearn_application()
  When I click on the Login Link                                                                             # stepdefs.Login_Stepdefs.i_click_on_the_Login_Link()
  And I enter the Username "abc@xyz.com"                                                                     # stepdefs.Login_Stepdefs.i_enter_the_Username(java.lang.String)
  And I enter the Password "Abc@12345"                                                                       # stepdefs.Login_Stepdefs.i_enter_the_Password(java.lang.String)
  And I click on the Login button                                                                            # stepdefs.Login_Stepdefs.i_click_on_the_Login_button()
  Then I should be able to see the error message "The email address or password you have entered is invalid" # stepdefs.Login_Stepdefs.i_should_be_able_to_see_the_error_message(java.lang.String)
]]></system-out>
    <system-err><![CDATA[Jun 14, 2025 7:50:51 PM org.openqa.selenium.devtools.CdpVersionFinder findNearestMatch
WARNING: Unable to find CDP implementation matching 137
Jun 14, 2025 7:50:51 PM org.openqa.selenium.chromium.ChromiumDriver lambda$new$5
WARNING: Unable to find version of CDP to use for 137.0.7151.104. You may need to include a dependency on a specific version of the CDP using something similar to `org.seleniumhq.selenium:selenium-devtools-v86:4.21.0` where the version ("v86") matches the version of the chromium-based browser you're using and the version number of the artifact is the same as Selenium's.
]]></system-err>
  </testcase>
  <testcase name="Login Failure Scenario using test data as Examples" classname="Login Feature" time="8.807">
    <system-out><![CDATA[
@sanity
Scenario Outline: Login Failure Scenario using test data as Examples                                         # src/test/java/features/Login.feature:27
  Given I have launched the simplilearn application                                                          # stepdefs.Login_Stepdefs.i_have_launched_the_simplilearn_application()
  When I click on the Login Link                                                                             # stepdefs.Login_Stepdefs.i_click_on_the_Login_Link()
  And I enter the Username "abc@xyz.com"                                                                     # stepdefs.Login_Stepdefs.i_enter_the_Username(java.lang.String)
  And I enter the Password "Abc@1234"                                                                        # stepdefs.Login_Stepdefs.i_enter_the_Password(java.lang.String)
  And I click on the Login button                                                                            # stepdefs.Login_Stepdefs.i_click_on_the_Login_button()
  Then I should be able to see the error message "The email address or password you have entered is invalid" # stepdefs.Login_Stepdefs.i_should_be_able_to_see_the_error_message(java.lang.String)
]]></system-out>
    <system-err><![CDATA[Jun 14, 2025 7:50:59 PM org.openqa.selenium.devtools.CdpVersionFinder findNearestMatch
WARNING: Unable to find CDP implementation matching 137
Jun 14, 2025 7:50:59 PM org.openqa.selenium.chromium.ChromiumDriver lambda$new$5
WARNING: Unable to find version of CDP to use for 137.0.7151.104. You may need to include a dependency on a specific version of the CDP using something similar to `org.seleniumhq.selenium:selenium-devtools-v86:4.21.0` where the version ("v86") matches the version of the chromium-based browser you're using and the version number of the artifact is the same as Selenium's.
]]></system-err>
  </testcase>
  <testcase name="Login Failure Scenario using test data as Examples" classname="Login Feature" time="8.787">
    <system-out><![CDATA[
@sanity
Scenario Outline: Login Failure Scenario using test data as Examples                                         # src/test/java/features/Login.feature:28
  Given I have launched the simplilearn application                                                          # stepdefs.Login_Stepdefs.i_have_launched_the_simplilearn_application()
  When I click on the Login Link                                                                             # stepdefs.Login_Stepdefs.i_click_on_the_Login_Link()
  And I enter the Username "pqr@xyz.com"                                                                     # stepdefs.Login_Stepdefs.i_enter_the_Username(java.lang.String)
  And I enter the Password "Acvb@1234"                                                                       # stepdefs.Login_Stepdefs.i_enter_the_Password(java.lang.String)
  And I click on the Login button                                                                            # stepdefs.Login_Stepdefs.i_click_on_the_Login_button()
  Then I should be able to see the error message "The email address or password you have entered is invalid" # stepdefs.Login_Stepdefs.i_should_be_able_to_see_the_error_message(java.lang.String)
]]></system-out>
    <system-err><![CDATA[Jun 14, 2025 7:51:08 PM org.openqa.selenium.devtools.CdpVersionFinder findNearestMatch
WARNING: Unable to find CDP implementation matching 137
Jun 14, 2025 7:51:08 PM org.openqa.selenium.chromium.ChromiumDriver lambda$new$5
WARNING: Unable to find version of CDP to use for 137.0.7151.104. You may need to include a dependency on a specific version of the CDP using something similar to `org.seleniumhq.selenium:selenium-devtools-v86:4.21.0` where the version ("v86") matches the version of the chromium-based browser you're using and the version number of the artifact is the same as Selenium's.
]]></system-err>
  </testcase>
</testsuite>